
20220830-094050  m.Global //  NO DATA TO UPDATE
20220830-094602  m.All //  NO DATA TO UPDATE
20220831-011023  m.Global //  NO DATA TO UPDATE
20220831-090829  m.Global //  NO DATA TO UPDATE
20220831-095929  m.All //  NO DATA TO UPDATE
20220831-095805  m.All // SUCCESS  :  1
20220831-095952  m.Stock //  SUCCESS  :  2
20220831-160037  m.Stock //  SUCCESS  :  1
20220831-161025  m.Global //  NO DATA TO UPDATE
20220831-162029  m.All //  NO DATA TO UPDATE
20220901-160040  m.Stock //  SUCCESS  :  7
20220901-161023  m.Global //  NO DATA TO UPDATE
20220901-162033  m.All //  NO DATA TO UPDATE
20220906-161040  m.Global //  NO DATA TO UPDATE
20220906-162030  m.All //  NO DATA TO UPDATE
20220907-160038  m.Stock //  SUCCESS  :  5
20220907-161025  m.Global //  NO DATA TO UPDATE
20220907-162033  m.All //  NO DATA TO UPDATE
20220913-160036  m.Stock //  SUCCESS  :  7
20220914-162028  m.All //  NO DATA TO UPDATE
20220922-085523  m.Stock //  SUCCESS  :  28
20220922-085757  m.All //  NO DATA TO UPDATE
20220922-090004  m.Global // SUCCESS  :  3
20220922-160037  m.Stock //  SUCCESS  :  4
20220922-161025  m.Global //  NO DATA TO UPDATE
20220922-162029  m.All // SUCCESS  :  1
20220926-160038  m.Stock //  SUCCESS  :  17
20220926-161020  m.Global //  NO DATA TO UPDATE
20220926-162030  m.All //  NO DATA TO UPDATE
20220927-160053  m.Stock //  SUCCESS  :  4
20220927-161025  m.Global //  NO DATA TO UPDATE
20220927-162029  m.All //  NO DATA TO UPDATE
20220928-160041  m.Stock //  SUCCESS  :  5
20220928-161025  m.Global //  NO DATA TO UPDATE
20220928-162031  m.All //  NO DATA TO UPDATE
20220929-160050  m.Stock //  SUCCESS  :  2
20220929-161026  m.Global //  NO DATA TO UPDATE
20220930-040300  m.Global //  NO DATA TO UPDATE
20220930-160032  m.Stock //  SUCCESS  :  3
20220930-161019  m.Global //  NO DATA TO UPDATE
20220930-162024  m.All //  NO DATA TO UPDATE
20221001-160032  m.Stock //  SUCCESS  :  1
20221001-161018  m.Global //  NO DATA TO UPDATE
20221001-162023  m.All //  NO DATA TO UPDATE
20221002-160032  m.Stock //  SUCCESS  :  2
20221002-161018  m.Global //  NO DATA TO UPDATE
20221002-162024  m.All //  NO DATA TO UPDATE
20221003-160032  m.Stock //  SUCCESS  :  2
20221003-161020  m.Global //  NO DATA TO UPDATE
20221003-162026  m.All //  NO DATA TO UPDATE
20221004-160040   m.Stock //  NO DATA TO UPDATE
20221004-161023  m.Global //  NO DATA TO UPDATE
20221004-162029  m.All //  NO DATA TO UPDATE
20221005-160039  m.Stock //  SUCCESS  :  2
20221005-161024  m.Global //  NO DATA TO UPDATE
20221005-162025  m.All //  NO DATA TO UPDATE
20221006-160041  m.Stock //  SUCCESS  :  4
20221006-161021  m.Global //  NO DATA TO UPDATE
20221006-162026  m.All //  NO DATA TO UPDATE
20221007-160040  m.Stock //  SUCCESS  :  2
20221007-161508  m.Global //  NO DATA TO UPDATE
20221007-162029  m.All //  NO DATA TO UPDATE
20221008-160038  m.Stock //  SUCCESS  :  1
20221008-162914  m.Global //  NO DATA TO UPDATE
20221008-162920  m.All //  NO DATA TO UPDATE
20221009-160029   m.Stock //  NO DATA TO UPDATE
20221009-161018  m.Global //  NO DATA TO UPDATE
20221009-162023  m.All //  NO DATA TO UPDATE
20221010-160036   m.Stock //  NO DATA TO UPDATE
20221010-161023  m.Global //  NO DATA TO UPDATE
20221010-162028  m.All //  NO DATA TO UPDATE
20221011-160036   m.Stock //  NO DATA TO UPDATE
20221011-162518  m.All //  NO DATA TO UPDATE
20221011-162518  m.Global //  NO DATA TO UPDATE
20221012-160035  m.Stock //  SUCCESS  :  2
20221012-161401  m.Global //  NO DATA TO UPDATE
20221012-162028  m.All //  NO DATA TO UPDATE
20221013-160037  m.Stock //  SUCCESS  :  1
20221013-161023  m.Global //  NO DATA TO UPDATE
20221013-162030  m.All //  NO DATA TO UPDATE
20221014-160036  m.Stock //  SUCCESS  :  1
20221014-161435  m.Global //  NO DATA TO UPDATE
20221014-162031  m.All //  NO DATA TO UPDATE
20221015-160037  m.Stock //  SUCCESS  :  1
20221015-161023  m.Global //  NO DATA TO UPDATE
20221015-162028  m.All //  NO DATA TO UPDATE
20221016-160050   m.Stock //  NO DATA TO UPDATE
20221016-161221  m.Global //  NO DATA TO UPDATE
20221016-162028  m.All //  NO DATA TO UPDATE
20221017-161239  m.Global //  NO DATA TO UPDATE
20221017-162030  m.All //  NO DATA TO UPDATE
20221018-154914  m.Stock //  SUCCESS  :  1
20221018-160039   m.Stock //  NO DATA TO UPDATE
20221018-161019  m.Global //  NO DATA TO UPDATE
20221018-162025  m.All //  NO DATA TO UPDATE
20221019-160031  m.Stock //  SUCCESS  :  4
20221019-161021  m.Global //  NO DATA TO UPDATE
20221019-162025  m.All //  NO DATA TO UPDATE
20221020-160031  m.Stock //  SUCCESS  :  1
20221020-161020  m.Global //  NO DATA TO UPDATE
20221020-162025  m.All //  NO DATA TO UPDATE
20221021-160033  m.Stock //  SUCCESS  :  3
20221021-161018  m.Global //  NO DATA TO UPDATE
20221021-162026  m.All //  NO DATA TO UPDATE
20221022-160031  m.Stock //  SUCCESS  :  3
20221022-161018  m.Global //  NO DATA TO UPDATE
20221022-162025  m.All //  NO DATA TO UPDATE
20221023-160040   m.Stock //  NO DATA TO UPDATE
20221023-161018  m.Global //  NO DATA TO UPDATE
20221023-162023  m.All //  NO DATA TO UPDATE
20221024-160039   m.Stock //  NO DATA TO UPDATE
20221024-161018  m.Global //  NO DATA TO UPDATE
20221024-162025  m.All //  NO DATA TO UPDATE
20221025-160034   m.Stock //  NO DATA TO UPDATE
20221025-161021  m.Global //  NO DATA TO UPDATE
20221025-162027  m.All //  NO DATA TO UPDATE
20221026-160053  m.Stock //  SUCCESS  :  4
20221026-161019  m.Global //  NO DATA TO UPDATE
20221026-162023  m.All //  NO DATA TO UPDATE
20221027-160033  m.Stock //  SUCCESS  :  3
20221027-161021  m.Global //  NO DATA TO UPDATE
20221027-162024  m.All //  NO DATA TO UPDATE
20221028-160031  m.Stock //  SUCCESS  :  4
20221028-161019  m.Global //  NO DATA TO UPDATE
20221028-162024  m.All //  NO DATA TO UPDATE
20221029-160031  m.Stock //  SUCCESS  :  1
20221029-161019  m.Global // SUCCESS  :  1
20221029-162024  m.All //  NO DATA TO UPDATE
20221030-160031   m.Stock //  NO DATA TO UPDATE
20221030-161020  m.Global //  NO DATA TO UPDATE
20221030-162023  m.All //  NO DATA TO UPDATE
20221031-160053   m.Stock //  NO DATA TO UPDATE
20221031-161020  m.Global //  NO DATA TO UPDATE
20221031-162024  m.All //  NO DATA TO UPDATE
20221101-160105   m.Stock //  NO DATA TO UPDATE
20221101-161021  m.Global //  NO DATA TO UPDATE
20221101-162024  m.All //  NO DATA TO UPDATE
20221102-160043   m.Stock //  NO DATA TO UPDATE
20221102-161019  m.Global //  NO DATA TO UPDATE
20221102-162027  m.All //  NO DATA TO UPDATE
20221103-160040  m.Stock //  SUCCESS  :  2
20221103-161021  m.Global //  NO DATA TO UPDATE
20221103-162024  m.All //  NO DATA TO UPDATE
20221104-160049  m.Stock //  SUCCESS  :  2
20221104-161018  m.Global //  NO DATA TO UPDATE
20221104-162025  m.All // SUCCESS  :  1
20221105-160030   m.Stock //  NO DATA TO UPDATE
20221105-161018  m.Global //  NO DATA TO UPDATE
20221105-162023  m.All //  NO DATA TO UPDATE
20221106-160102  m.Stock //  SUCCESS  :  2
20221106-161021  m.Global //  NO DATA TO UPDATE
20221106-162025  m.All //  NO DATA TO UPDATE
20221107-160038   m.Stock //  NO DATA TO UPDATE
20221107-161019  m.Global //  NO DATA TO UPDATE
20221107-162024  m.All //  NO DATA TO UPDATE
20221108-160033  m.Stock //  SUCCESS  :  2
20221108-161020  m.Global //  NO DATA TO UPDATE
20221108-162025  m.All //  NO DATA TO UPDATE
20221109-160031  m.Stock //  SUCCESS  :  4
20221109-161019  m.Global //  NO DATA TO UPDATE
20221109-162026  m.All //  NO DATA TO UPDATE
20221110-160032  m.Stock //  SUCCESS  :  8
20221110-161019  m.Global //  NO DATA TO UPDATE
20221110-162025  m.All //  NO DATA TO UPDATE
20221111-160035  m.Stock //  SUCCESS  :  2
20221111-161019  m.Global // SUCCESS  :  1
20221111-162025  m.All //  NO DATA TO UPDATE
20221112-160034   m.Stock //  NO DATA TO UPDATE
20221112-161020  m.Global //  NO DATA TO UPDATE
20221112-162025  m.All //  NO DATA TO UPDATE
20221113-160030   m.Stock //  NO DATA TO UPDATE
20221113-161020  m.Global //  NO DATA TO UPDATE
20221113-162025  m.All //  NO DATA TO UPDATE
20221114-160035   m.Stock //  NO DATA TO UPDATE
20221114-161022  m.Global //  NO DATA TO UPDATE
20221114-162025  m.All //  NO DATA TO UPDATE
20221115-160031   m.Stock //  NO DATA TO UPDATE
20221115-161023  m.Global //  NO DATA TO UPDATE
20221115-162026  m.All //  NO DATA TO UPDATE
20221116-160034   m.Stock //  NO DATA TO UPDATE
20221116-161022  m.Global //  NO DATA TO UPDATE
20221116-162031  m.All //  NO DATA TO UPDATE
20221117-160036  m.Stock //  SUCCESS  :  7
20221117-161022  m.Global //  NO DATA TO UPDATE
20221117-162024  m.All //  NO DATA TO UPDATE
20221118-160031  m.Stock //  SUCCESS  :  2
20221118-161019  m.Global //  NO DATA TO UPDATE
20221118-162026  m.All //  NO DATA TO UPDATE
20221119-160030   m.Stock //  NO DATA TO UPDATE
20221119-161018  m.Global //  NO DATA TO UPDATE
20221119-162024  m.All //  NO DATA TO UPDATE
20221120-160030   m.Stock //  NO DATA TO UPDATE
20221120-161020  m.Global //  NO DATA TO UPDATE
20221120-162023  m.All //  NO DATA TO UPDATE
20221121-160030   m.Stock //  NO DATA TO UPDATE
20221121-161021  m.Global //  NO DATA TO UPDATE
20221121-162024  m.All //  NO DATA TO UPDATE
20221122-160046   m.Stock //  NO DATA TO UPDATE
20221122-161019  m.Global //  NO DATA TO UPDATE
20221122-162024  m.All //  NO DATA TO UPDATE
20221123-160031   m.Stock //  NO DATA TO UPDATE
20221123-161018  m.Global //  NO DATA TO UPDATE
20221123-162024  m.All //  NO DATA TO UPDATE
20221124-160055  m.Stock //  SUCCESS  :  5
20221124-161020  m.Global //  NO DATA TO UPDATE
20221124-162024  m.All //  NO DATA TO UPDATE
20221125-160031  m.Stock //  SUCCESS  :  3
20221125-161018  m.Global //  NO DATA TO UPDATE
20221125-162023  m.All //  NO DATA TO UPDATE
20221126-160031   m.Stock //  NO DATA TO UPDATE
20221126-161019  m.Global // SUCCESS  :  1
20221126-162024  m.All //  NO DATA TO UPDATE
20221127-160058  m.Stock //  SUCCESS  :  2
20221127-161020  m.Global //  NO DATA TO UPDATE
20221127-162024  m.All //  NO DATA TO UPDATE
20221128-160100  m.Stock //  SUCCESS  :  3
20221128-161020  m.Global //  NO DATA TO UPDATE
20221128-162038  m.All //  NO DATA TO UPDATE
20221129-160047   m.Stock //  NO DATA TO UPDATE
20221129-161019  m.Global //  NO DATA TO UPDATE
